[debug] [2021-11-04T08:11:56.982Z] ----------------------------------------------------------------------
[debug] [2021-11-04T08:11:56.984Z] Command:       C:\Program Files\nodejs\node.exe C:\Users\dell\AppData\Roaming\npm\node_modules\firebase-tools\lib\bin\firebase.js init
[debug] [2021-11-04T08:11:56.985Z] CLI Version:   9.21.0
[debug] [2021-11-04T08:11:56.985Z] Platform:      win32
[debug] [2021-11-04T08:11:56.985Z] Node Version:  v14.17.1
[debug] [2021-11-04T08:11:56.985Z] Time:          Thu Nov 04 2021 14:11:56 GMT+0600 (Bangladesh Standard Time)
[debug] [2021-11-04T08:11:56.986Z] ----------------------------------------------------------------------
[debug] 
[debug] [2021-11-04T08:11:56.988Z] >>> [apiv2][query] GET https://firebase-public.firebaseio.com/cli.json [none]
[debug] [2021-11-04T08:11:57.011Z] > command requires scopes: ["email","openid","https://www.googleapis.com/auth/cloudplatformprojects.readonly","https://www.googleapis.com/auth/firebase","https://www.googleapis.com/auth/cloud-platform"]
[debug] [2021-11-04T08:11:57.011Z] > authorizing via signed-in user (rray524@gmail.com)
[info] 
     ######## #### ########  ######## ########     ###     ######  ########
     ##        ##  ##     ## ##       ##     ##  ##   ##  ##       ##
     ######    ##  ########  ######   ########  #########  ######  ######
     ##        ##  ##    ##  ##       ##     ## ##     ##       ## ##
     ##       #### ##     ## ######## ########  ##     ##  ######  ########

You're about to initialize a Firebase project in this directory:

  C:\projects\sunv-tent-camp

Before we get started, keep in mind:

  * You are currently outside your home directory

